 WARN  Unsupported engine: wanted: {"node":"22.8.0"} (current: {"node":"v20.11.1","pnpm":"9.10.0"})

> fm-personal-finance-app@ build-storybook /Users/alex/development/projects/frontendmentor/fm-personal-finance-app
> storybook build "--output-dir=/tmp/chromatic--85691-YedQHB7sHAQZ"

@storybook/core v8.3.0

info => Cleaning outputDir: ../../../../../../tmp/chromatic--85691-YedQHB7sHAQZ
info => Loading presets
info => Building manager..
info => Manager built (155 ms)
info => Building preview..
[36mvite v5.4.5 [32mbuilding for production...[36m[39m
transforming...
[32m✓[39m 172 modules transformed.
rendering chunks...
[2m../../../../../../tmp/chromatic--85691-YedQHB7sHAQZ/[22m[32miframe.html                       [39m[1m[2m 16.16 kB[22m[1m[22m
[2m../../../../../../tmp/chromatic--85691-YedQHB7sHAQZ/[22m[2massets/[22m[35mpreview-BT1O7mex.css       [39m[1m[2m 10.76 kB[22m[1m[22m
[2m../../../../../../tmp/chromatic--85691-YedQHB7sHAQZ/[22m[2massets/[22m[36mpreview-QtYmHYgP.js        [39m[1m[2m  0.11 kB[22m[1m[22m
[2m../../../../../../tmp/chromatic--85691-YedQHB7sHAQZ/[22m[2massets/[22m[36mpreview-DYzi3Z2p.js        [39m[1m[2m  0.16 kB[22m[1m[22m
[2m../../../../../../tmp/chromatic--85691-YedQHB7sHAQZ/[22m[2massets/[22m[36mpreview-caVMbCIR.js        [39m[1m[2m  0.69 kB[22m[1m[22m
[2m../../../../../../tmp/chromatic--85691-YedQHB7sHAQZ/[22m[2massets/[22m[36mindex-DrFu-skq.js          [39m[1m[2m  0.77 kB[22m[1m[22m
[2m../../../../../../tmp/chromatic--85691-YedQHB7sHAQZ/[22m[2massets/[22m[36mreact-18-By18RPdr.js       [39m[1m[2m  0.87 kB[22m[1m[22m
[2m../../../../../../tmp/chromatic--85691-YedQHB7sHAQZ/[22m[2massets/[22m[36mpreview-bAry8KZa.js        [39m[1m[2m  2.47 kB[22m[1m[22m
[2m../../../../../../tmp/chromatic--85691-YedQHB7sHAQZ/[22m[2massets/[22m[36mpreview-DHPc-V4N.js        [39m[1m[2m  3.40 kB[22m[1m[22m
[2m../../../../../../tmp/chromatic--85691-YedQHB7sHAQZ/[22m[2massets/[22m[36miframe-BIPjywFW.js         [39m[1m[2m  3.64 kB[22m[1m[22m
[2m../../../../../../tmp/chromatic--85691-YedQHB7sHAQZ/[22m[2massets/[22m[36mpreview-ncvtW_hb.js        [39m[1m[2m  4.84 kB[22m[1m[22m
[2m../../../../../../tmp/chromatic--85691-YedQHB7sHAQZ/[22m[2massets/[22m[36mindex-CZlPm10g.js          [39m[1m[2m  6.84 kB[22m[1m[22m
[2m../../../../../../tmp/chromatic--85691-YedQHB7sHAQZ/[22m[2massets/[22m[36mpreview-BWzBA1C2.js        [39m[1m[2m  7.62 kB[22m[1m[22m
[2m../../../../../../tmp/chromatic--85691-YedQHB7sHAQZ/[22m[2massets/[22m[36mpreview-CuLlOZat.js        [39m[1m[2m  8.08 kB[22m[1m[22m
[2m../../../../../../tmp/chromatic--85691-YedQHB7sHAQZ/[22m[2massets/[22m[36mInput.stories-BpdVnZIj.js  [39m[1m[2m 26.52 kB[22m[1m[22m
[2m../../../../../../tmp/chromatic--85691-YedQHB7sHAQZ/[22m[2massets/[22m[36mentry-preview-Dc19nQ_M.js  [39m[1m[2m172.48 kB[22m[1m[22m
[2m../../../../../../tmp/chromatic--85691-YedQHB7sHAQZ/[22m[2massets/[22m[36mpreview-Bns9NJER.js        [39m[1m[33m542.73 kB[39m[22m
[32m✓ built in 1.32s[39m
info => Preview built (2.44 s)
info => Output directory: /tmp/chromatic--85691-YedQHB7sHAQZ
